SF:/Users/sdhaksh5/Projects/Hahn.ApplicatonProcess.Application/Hahn.ApplicatonProcess.May2020.Domain/ApplicantAlreadyExistsException.cs
FN:14,System.String Hahn.ApplicatonProcess.May2020.Domain.ApplicantAlreadyExistsException::get_Message()
FNDA:1,System.String Hahn.ApplicatonProcess.May2020.Domain.ApplicantAlreadyExistsException::get_Message()
DA:15,1
FN:8,System.Void Hahn.ApplicatonProcess.May2020.Domain.ApplicantAlreadyExistsException::.ctor(Hahn.ApplicatonProcess.May2020.Data.Applicant)
FNDA:2,System.Void Hahn.ApplicatonProcess.May2020.Domain.ApplicantAlreadyExistsException::.ctor(Hahn.ApplicatonProcess.May2020.Data.Applicant)
DA:9,2
DA:10,2
DA:11,2
DA:12,2
LF:5
LH:5
BRF:0
BRH:0
FNF:2
FNH:2
end_of_record
SF:/Users/sdhaksh5/Projects/Hahn.ApplicatonProcess.Application/Hahn.ApplicatonProcess.May2020.Domain/ApplicantMissingExcpetion.cs
FN:12,System.String Hahn.ApplicatonProcess.May2020.Domain.ApplicantMissingExcpetion::get_Message()
FNDA:3,System.String Hahn.ApplicatonProcess.May2020.Domain.ApplicantMissingExcpetion::get_Message()
DA:13,3
FN:6,System.Void Hahn.ApplicatonProcess.May2020.Domain.ApplicantMissingExcpetion::.ctor(System.Int32)
FNDA:6,System.Void Hahn.ApplicatonProcess.May2020.Domain.ApplicantMissingExcpetion::.ctor(System.Int32)
DA:7,6
DA:8,6
DA:9,6
DA:10,6
LF:5
LH:5
BRF:0
BRH:0
FNF:2
FNH:2
end_of_record
SF:/Users/sdhaksh5/Projects/Hahn.ApplicatonProcess.Application/Hahn.ApplicatonProcess.May2020.Domain/ApplicantService.cs
FN:19,System.Void Hahn.ApplicatonProcess.May2020.Domain.ApplicantService::Create(Hahn.ApplicatonProcess.May2020.Data.Applicant)
FNDA:8,System.Void Hahn.ApplicatonProcess.May2020.Domain.ApplicantService::Create(Hahn.ApplicatonProcess.May2020.Data.Applicant)
DA:20,8
DA:21,8
DA:22,1
DA:23,1
DA:25,7
DA:26,2
DA:28,5
DA:30,5
DA:31,2
DA:33,3
DA:35,3
BRDA:21,7,0,1
BRDA:21,7,1,7
BRDA:25,48,0,2
BRDA:25,48,1,5
BRDA:30,83,0,2
BRDA:30,83,1,3
FN:37,System.Void Hahn.ApplicatonProcess.May2020.Domain.ApplicantService::Delete(System.Int32)
FNDA:4,System.Void Hahn.ApplicatonProcess.May2020.Domain.ApplicantService::Delete(System.Int32)
DA:38,4
DA:39,4
DA:41,4
DA:42,2
DA:44,2
DA:45,2
BRDA:41,20,0,2
BRDA:41,20,1,2
FN:47,Hahn.ApplicatonProcess.May2020.Data.Applicant Hahn.ApplicatonProcess.May2020.Domain.ApplicantService::Get(System.Int32)
FNDA:4,Hahn.ApplicatonProcess.May2020.Data.Applicant Hahn.ApplicatonProcess.May2020.Domain.ApplicantService::Get(System.Int32)
DA:48,4
DA:49,4
DA:51,4
DA:52,2
DA:54,2
DA:55,2
BRDA:51,20,0,2
BRDA:51,20,1,2
FN:57,System.Void Hahn.ApplicatonProcess.May2020.Domain.ApplicantService::Update(Hahn.ApplicatonProcess.May2020.Data.Applicant)
FNDA:7,System.Void Hahn.ApplicatonProcess.May2020.Domain.ApplicantService::Update(Hahn.ApplicatonProcess.May2020.Data.Applicant)
DA:58,7
DA:59,7
DA:60,1
DA:62,6
DA:64,6
DA:65,2
DA:67,4
DA:68,2
DA:70,2
DA:71,2
BRDA:59,7,0,1
BRDA:59,7,1,6
BRDA:64,44,0,2
BRDA:64,44,1,4
BRDA:67,79,0,2
BRDA:67,79,1,2
FN:11,System.Void Hahn.ApplicatonProcess.May2020.Domain.ApplicantService::.ctor(Hahn.ApplicatonProcess.May2020.Domain.IApplicantValidator,Hahn.ApplicatonProcess.May2020.Data.IApplicantRepository)
FNDA:25,System.Void Hahn.ApplicatonProcess.May2020.Domain.ApplicantService::.ctor(Hahn.ApplicatonProcess.May2020.Domain.IApplicantValidator,Hahn.ApplicatonProcess.May2020.Data.IApplicantRepository)
DA:12,25
DA:13,25
DA:14,25
DA:15,25
DA:16,25
DA:17,25
LF:39
LH:39
BRF:16
BRH:16
FNF:5
FNH:5
end_of_record
SF:/Users/sdhaksh5/Projects/Hahn.ApplicatonProcess.Application/Hahn.ApplicatonProcess.May2020.Domain/ApplicantValidator.cs
FN:25,System.Boolean Hahn.ApplicatonProcess.May2020.Domain.ApplicantValidator::Validate(Hahn.ApplicatonProcess.May2020.Data.Applicant,System.Collections.Generic.IEnumerable`1<System.String>&)
FNDA:32,System.Boolean Hahn.ApplicatonProcess.May2020.Domain.ApplicantValidator::Validate(Hahn.ApplicatonProcess.May2020.Data.Applicant,System.Collections.Generic.IEnumerable`1<System.String>&)
DA:26,32
DA:27,32
DA:28,1
DA:29,1
DA:31,31
DA:32,44
DA:33,31
DA:34,31
BRDA:27,7,0,1
BRDA:27,7,1,31
FN:12,System.Void Hahn.ApplicatonProcess.May2020.Domain.ApplicantValidator::.ctor()
FNDA:46,System.Void Hahn.ApplicatonProcess.May2020.Domain.ApplicantValidator::.ctor()
DA:13,46
DA:14,46
DA:15,46
DA:16,46
DA:17,46
DA:18,46
DA:19,46
DA:20,46
DA:21,46
DA:22,46
LF:18
LH:18
BRF:2
BRH:2
FNF:2
FNH:2
end_of_record
SF:/Users/sdhaksh5/Projects/Hahn.ApplicatonProcess.Application/Hahn.ApplicatonProcess.May2020.Domain/ValidationFailedException.cs
FN:15,System.String Hahn.ApplicatonProcess.May2020.Domain.ValidationFailedException::get_Message()
FNDA:2,System.String Hahn.ApplicatonProcess.May2020.Domain.ValidationFailedException::get_Message()
DA:16,2
FN:9,System.Void Hahn.ApplicatonProcess.May2020.Domain.ValidationFailedException::.ctor(System.Collections.Generic.IEnumerable`1<System.String>)
FNDA:5,System.Void Hahn.ApplicatonProcess.May2020.Domain.ValidationFailedException::.ctor(System.Collections.Generic.IEnumerable`1<System.String>)
DA:10,5
DA:11,5
DA:12,5
DA:13,5
LF:5
LH:5
BRF:0
BRH:0
FNF:2
FNH:2
end_of_record
SF:/Users/sdhaksh5/Projects/Hahn.ApplicatonProcess.Application/Hahn.ApplicatonProcess.May2020.Data/Applicant.cs
FN:8,System.Int32 Hahn.ApplicatonProcess.May2020.Data.Applicant::get_ID()
FNDA:102,System.Int32 Hahn.ApplicatonProcess.May2020.Data.Applicant::get_ID()
DA:9,102
FN:9,System.String Hahn.ApplicatonProcess.May2020.Data.Applicant::get_Name()
FNDA:112,System.String Hahn.ApplicatonProcess.May2020.Data.Applicant::get_Name()
DA:10,112
FN:10,System.String Hahn.ApplicatonProcess.May2020.Data.Applicant::get_FamilyName()
FNDA:105,System.String Hahn.ApplicatonProcess.May2020.Data.Applicant::get_FamilyName()
DA:11,105
FN:11,System.String Hahn.ApplicatonProcess.May2020.Data.Applicant::get_Address()
FNDA:111,System.String Hahn.ApplicatonProcess.May2020.Data.Applicant::get_Address()
DA:12,111
FN:12,System.String Hahn.ApplicatonProcess.May2020.Data.Applicant::get_CountryOfOrigin()
FNDA:71,System.String Hahn.ApplicatonProcess.May2020.Data.Applicant::get_CountryOfOrigin()
DA:13,71
FN:13,System.String Hahn.ApplicatonProcess.May2020.Data.Applicant::get_EMailAdress()
FNDA:107,System.String Hahn.ApplicatonProcess.May2020.Data.Applicant::get_EMailAdress()
DA:14,107
FN:14,System.Int32 Hahn.ApplicatonProcess.May2020.Data.Applicant::get_Age()
FNDA:108,System.Int32 Hahn.ApplicatonProcess.May2020.Data.Applicant::get_Age()
DA:15,108
FN:15,System.Boolean Hahn.ApplicatonProcess.May2020.Data.Applicant::get_Hired()
FNDA:102,System.Boolean Hahn.ApplicatonProcess.May2020.Data.Applicant::get_Hired()
DA:16,102
FN:18,System.Int32 Hahn.ApplicatonProcess.May2020.Data.Applicant::GetHashCode()
FNDA:0,System.Int32 Hahn.ApplicatonProcess.May2020.Data.Applicant::GetHashCode()
DA:19,0
DA:20,0
DA:21,0
FN:23,System.Boolean Hahn.ApplicatonProcess.May2020.Data.Applicant::Equals(System.Object)
FNDA:5,System.Boolean Hahn.ApplicatonProcess.May2020.Data.Applicant::Equals(System.Object)
DA:24,5
DA:25,5
DA:26,0
DA:28,5
DA:29,0
DA:31,5
DA:32,0
DA:34,5
DA:36,5
DA:37,0
DA:39,5
DA:40,1
DA:42,4
DA:43,0
DA:45,4
DA:46,0
DA:48,4
DA:49,0
DA:51,4
DA:52,0
DA:54,4
DA:55,0
DA:57,4
DA:58,0
DA:60,4
DA:61,5
BRDA:25,7,0,0
BRDA:25,7,1,5
BRDA:28,30,0,0
BRDA:28,30,1,5
BRDA:31,47,0,0
BRDA:31,47,1,5
BRDA:36,84,0,0
BRDA:36,84,1,5
BRDA:39,114,0,1
BRDA:39,114,1,4
BRDA:42,144,0,0
BRDA:42,144,1,4
BRDA:45,174,0,0
BRDA:45,174,1,4
BRDA:48,201,0,0
BRDA:48,201,1,4
BRDA:51,228,0,0
BRDA:51,228,1,4
BRDA:54,255,0,0
BRDA:54,255,1,4
BRDA:57,282,0,0
BRDA:57,282,1,4
LF:37
LH:24
BRF:22
BRH:12
FNF:10
FNH:9
end_of_record
SF:/Users/sdhaksh5/Projects/Hahn.ApplicatonProcess.Application/Hahn.ApplicatonProcess.May2020.Data/ApplicantContext.cs
FN:21,Microsoft.EntityFrameworkCore.DbSet`1<Hahn.ApplicatonProcess.May2020.Data.Applicant> Hahn.ApplicatonProcess.May2020.Data.ApplicantContext::get_Applicants()
FNDA:168,Microsoft.EntityFrameworkCore.DbSet`1<Hahn.ApplicatonProcess.May2020.Data.Applicant> Hahn.ApplicatonProcess.May2020.Data.ApplicantContext::get_Applicants()
DA:22,168
FN:11,System.Void Hahn.ApplicatonProcess.May2020.Data.ApplicantContext::.cctor()
FNDA:1,System.Void Hahn.ApplicatonProcess.May2020.Data.ApplicantContext::.cctor()
DA:12,1
DA:13,1
DA:14,1
DA:15,1
DA:16,1
FN:17,System.Void Hahn.ApplicatonProcess.May2020.Data.ApplicantContext::.ctor()
FNDA:131,System.Void Hahn.ApplicatonProcess.May2020.Data.ApplicantContext::.ctor()
DA:18,131
DA:19,131
DA:20,131
LF:9
LH:9
BRF:0
BRH:0
FNF:3
FNH:3
end_of_record
SF:/Users/sdhaksh5/Projects/Hahn.ApplicatonProcess.Application/Hahn.ApplicatonProcess.May2020.Data/ApplicantRepository.cs
FN:13,System.Void Hahn.ApplicatonProcess.May2020.Data.ApplicantRepository::Add(Hahn.ApplicatonProcess.May2020.Data.Applicant)
FNDA:13,System.Void Hahn.ApplicatonProcess.May2020.Data.ApplicantRepository::Add(Hahn.ApplicatonProcess.May2020.Data.Applicant)
DA:14,13
DA:15,13
DA:16,13
DA:17,13
DA:18,13
DA:19,13
DA:20,13
FN:22,System.Void Hahn.ApplicatonProcess.May2020.Data.ApplicantRepository::Remove(Hahn.ApplicatonProcess.May2020.Data.Applicant)
FNDA:2,System.Void Hahn.ApplicatonProcess.May2020.Data.ApplicantRepository::Remove(Hahn.ApplicatonProcess.May2020.Data.Applicant)
DA:23,2
DA:24,2
DA:25,2
DA:26,2
DA:27,2
DA:28,2
DA:29,2
FN:31,Hahn.ApplicatonProcess.May2020.Data.Applicant Hahn.ApplicatonProcess.May2020.Data.ApplicantRepository::Get(System.Int32)
FNDA:24,Hahn.ApplicatonProcess.May2020.Data.Applicant Hahn.ApplicatonProcess.May2020.Data.ApplicantRepository::Get(System.Int32)
DA:32,24
DA:33,24
DA:34,24
DA:35,24
DA:37,24
FN:39,System.Void Hahn.ApplicatonProcess.May2020.Data.ApplicantRepository::Update(Hahn.ApplicatonProcess.May2020.Data.Applicant)
FNDA:2,System.Void Hahn.ApplicatonProcess.May2020.Data.ApplicantRepository::Update(Hahn.ApplicatonProcess.May2020.Data.Applicant)
DA:40,2
DA:41,2
DA:42,2
DA:43,2
DA:44,2
DA:45,2
DA:46,2
FN:8,System.Void Hahn.ApplicatonProcess.May2020.Data.ApplicantRepository::.ctor()
FNDA:40,System.Void Hahn.ApplicatonProcess.May2020.Data.ApplicantRepository::.ctor()
DA:9,40
DA:10,40
DA:11,40
LF:29
LH:29
BRF:0
BRH:0
FNF:5
FNH:5
end_of_record
SF:/Users/sdhaksh5/Projects/Hahn.ApplicatonProcess.Application/Hahn.ApplicatonProcess.May2020.Web/Program.cs
FN:14,System.Void Hahn.ApplicatonProcess.May2020.Web.Program::Main(System.String[])
FNDA:0,System.Void Hahn.ApplicatonProcess.May2020.Web.Program::Main(System.String[])
DA:15,0
DA:16,0
DA:17,0
FN:19,Microsoft.Extensions.Hosting.IHostBuilder Hahn.ApplicatonProcess.May2020.Web.Program::CreateHostBuilder(System.String[])
FNDA:1,Microsoft.Extensions.Hosting.IHostBuilder Hahn.ApplicatonProcess.May2020.Web.Program::CreateHostBuilder(System.String[])
DA:20,1
DA:21,1
DA:22,2
DA:23,2
DA:24,2
LF:8
LH:5
BRF:0
BRH:0
FNF:2
FNH:1
end_of_record
SF:/Users/sdhaksh5/Projects/Hahn.ApplicatonProcess.Application/Hahn.ApplicatonProcess.May2020.Web/Startup.cs
FN:25,Microsoft.Extensions.Configuration.IConfiguration Hahn.ApplicatonProcess.May2020.Web.Startup::get_Configuration()
FNDA:0,Microsoft.Extensions.Configuration.IConfiguration Hahn.ApplicatonProcess.May2020.Web.Startup::get_Configuration()
DA:26,0
FN:29,System.Void Hahn.ApplicatonProcess.May2020.Web.Startup::ConfigureServices(Microsoft.Extensions.DependencyInjection.IServiceCollection)
FNDA:1,System.Void Hahn.ApplicatonProcess.May2020.Web.Startup::ConfigureServices(Microsoft.Extensions.DependencyInjection.IServiceCollection)
DA:30,1
DA:31,1
DA:33,1
DA:34,1
DA:35,1
DA:36,1
DA:37,1
DA:39,1
DA:40,2
DA:41,2
DA:42,2
DA:44,1
FN:47,System.Void Hahn.ApplicatonProcess.May2020.Web.Startup::Configure(Microsoft.AspNetCore.Builder.IApplicationBuilder,Microsoft.AspNetCore.Hosting.IWebHostEnvironment)
FNDA:1,System.Void Hahn.ApplicatonProcess.May2020.Web.Startup::Configure(Microsoft.AspNetCore.Builder.IApplicationBuilder,Microsoft.AspNetCore.Hosting.IWebHostEnvironment)
DA:48,1
DA:49,1
DA:50,1
DA:51,1
DA:52,1
DA:54,1
DA:56,1
DA:58,1
DA:60,1
DA:61,2
DA:62,2
DA:63,2
DA:64,1
BRDA:49,9,0,1
BRDA:49,9,1,1
FN:20,System.Void Hahn.ApplicatonProcess.May2020.Web.Startup::.ctor(Microsoft.Extensions.Configuration.IConfiguration)
FNDA:1,System.Void Hahn.ApplicatonProcess.May2020.Web.Startup::.ctor(Microsoft.Extensions.Configuration.IConfiguration)
DA:21,1
DA:22,1
DA:23,1
DA:24,1
LF:30
LH:29
BRF:2
BRH:2
FNF:4
FNH:3
end_of_record
SF:/Users/sdhaksh5/Projects/Hahn.ApplicatonProcess.Application/Hahn.ApplicatonProcess.May2020.Web/Controllers/ApplicantController.cs
FN:30,Microsoft.AspNetCore.Mvc.IActionResult Hahn.ApplicatonProcess.May2020.Web.Controllers.ApplicantController::Get(System.Int32)
FNDA:2,Microsoft.AspNetCore.Mvc.IActionResult Hahn.ApplicatonProcess.May2020.Web.Controllers.ApplicantController::Get(System.Int32)
DA:31,2
DA:33,2
DA:34,2
DA:35,1
DA:37,1
DA:38,1
DA:39,1
DA:41,2
FN:49,Microsoft.AspNetCore.Mvc.IActionResult Hahn.ApplicatonProcess.May2020.Web.Controllers.ApplicantController::Post(Hahn.ApplicatonProcess.May2020.Data.Applicant)
FNDA:4,Microsoft.AspNetCore.Mvc.IActionResult Hahn.ApplicatonProcess.May2020.Web.Controllers.ApplicantController::Post(Hahn.ApplicatonProcess.May2020.Data.Applicant)
DA:50,4
DA:52,4
DA:53,4
DA:54,2
DA:55,2
DA:56,2
DA:58,1
DA:59,1
DA:60,1
DA:63,1
DA:64,1
DA:65,1
DA:67,0
DA:68,0
DA:69,0
DA:71,0
DA:72,0
DA:73,0
DA:75,4
FN:78,Microsoft.AspNetCore.Mvc.IActionResult Hahn.ApplicatonProcess.May2020.Web.Controllers.ApplicantController::Put(Hahn.ApplicatonProcess.May2020.Data.Applicant)
FNDA:2,Microsoft.AspNetCore.Mvc.IActionResult Hahn.ApplicatonProcess.May2020.Web.Controllers.ApplicantController::Put(Hahn.ApplicatonProcess.May2020.Data.Applicant)
DA:79,2
DA:81,2
DA:82,2
DA:83,0
DA:86,0
DA:87,0
DA:88,0
DA:90,1
DA:91,1
DA:92,1
DA:94,1
DA:95,1
DA:96,1
DA:98,0
DA:99,0
DA:100,0
DA:101,0
DA:103,2
FN:106,Microsoft.AspNetCore.Mvc.IActionResult Hahn.ApplicatonProcess.May2020.Web.Controllers.ApplicantController::Delete(System.Int32)
FNDA:2,Microsoft.AspNetCore.Mvc.IActionResult Hahn.ApplicatonProcess.May2020.Web.Controllers.ApplicantController::Delete(System.Int32)
DA:107,2
DA:109,2
DA:110,2
DA:111,1
DA:113,1
DA:114,1
DA:115,1
DA:117,0
DA:118,0
DA:119,0
DA:120,0
DA:122,2
FN:124,System.String Hahn.ApplicatonProcess.May2020.Web.Controllers.ApplicantController::ComposeUrl(System.Int32)
FNDA:2,System.String Hahn.ApplicatonProcess.May2020.Web.Controllers.ApplicantController::ComposeUrl(System.Int32)
DA:125,2
DA:132,2
DA:133,0
DA:134,0
DA:136,2
DA:137,2
DA:138,2
BRDA:132,12,0,0
BRDA:132,12,1,2
FN:20,System.Void Hahn.ApplicatonProcess.May2020.Web.Controllers.ApplicantController::.ctor(Microsoft.Extensions.Logging.ILogger`1<Hahn.ApplicatonProcess.May2020.Web.Controllers.ApplicantController>,Hahn.ApplicatonProcess.May2020.Domain.IApplicantService)
FNDA:12,System.Void Hahn.ApplicatonProcess.May2020.Web.Controllers.ApplicantController::.ctor(Microsoft.Extensions.Logging.ILogger`1<Hahn.ApplicatonProcess.May2020.Web.Controllers.ApplicantController>,Hahn.ApplicatonProcess.May2020.Domain.IApplicantService)
DA:21,12
DA:22,12
DA:23,12
DA:24,12
DA:25,12
LF:69
LH:49
BRF:2
BRH:1
FNF:6
FNH:6
end_of_record